Using pre-set license
Built from '2022.3/staging' branch; Version is '2022.3.2f1 (d74737c6db50) revision 14108471'; Using compiler version '192829333'; Build Type 'Release'
OS: 'Windows 10  (10.0.19045) 64bit Professional' Language: 'en' Physical Memory: 32691 MB
BatchMode: 1, IsHumanControllingUs: 0, StartBugReporterOnCrash: 0, Is64bit: 1, IsPro: 1

COMMAND LINE ARGUMENTS:
C:\Program Files\Unity\Hub\Editor\2022.3.2f1\Editor\Unity.exe
-adb2
-batchMode
-noUpm
-name
AssetImportWorker1
-projectPath
D:/Downloads/GorillaHomes Project
-logFile
Logs/AssetImportWorker1.log
-srvPort
59636
Successfully changed project path to: D:/Downloads/GorillaHomes Project
D:/Downloads/GorillaHomes Project
[UnityMemory] Configuration Parameters - Can be set up in boot.config
    "memorysetup-bucket-allocator-granularity=16"
    "memorysetup-bucket-allocator-bucket-count=8"
    "memorysetup-bucket-allocator-block-size=33554432"
    "memorysetup-bucket-allocator-block-count=8"
    "memorysetup-main-allocator-block-size=16777216"
    "memorysetup-thread-allocator-block-size=16777216"
    "memorysetup-gfx-main-allocator-block-size=16777216"
    "memorysetup-gfx-thread-allocator-block-size=16777216"
    "memorysetup-cache-allocator-block-size=4194304"
    "memorysetup-typetree-allocator-block-size=2097152"
    "memorysetup-profiler-bucket-allocator-granularity=16"
    "memorysetup-profiler-bucket-allocator-bucket-count=8"
    "memorysetup-profiler-bucket-allocator-block-size=33554432"
    "memorysetup-profiler-bucket-allocator-block-count=8"
    "memorysetup-profiler-allocator-block-size=16777216"
    "memorysetup-profiler-editor-allocator-block-size=1048576"
    "memorysetup-temp-allocator-size-main=16777216"
    "memorysetup-job-temp-allocator-block-size=2097152"
    "memorysetup-job-temp-allocator-block-size-background=1048576"
    "memorysetup-job-temp-allocator-reduction-small-platforms=262144"
    "memorysetup-allocator-temp-initial-block-size-main=262144"
    "memorysetup-allocator-temp-initial-block-size-worker=262144"
    "memorysetup-temp-allocator-size-background-worker=32768"
    "memorysetup-temp-allocator-size-job-worker=262144"
    "memorysetup-temp-allocator-size-preload-manager=33554432"
    "memorysetup-temp-allocator-size-nav-mesh-worker=65536"
    "memorysetup-temp-allocator-size-audio-worker=65536"
    "memorysetup-temp-allocator-size-cloud-worker=32768"
    "memorysetup-temp-allocator-size-gi-baking-worker=262144"
    "memorysetup-temp-allocator-size-gfx=262144"
Player connection [17484] Host "[IP] 192.168.0.170 [Port] 0 [Flags] 2 [Guid] 3991827739 [EditorId] 3991827739 [Version] 1048832 [Id] WindowsEditor(7,Toms-PC) [Debug] 1 [PackageName] WindowsEditor [ProjectName] Editor" joined multi-casting on [225.0.0.222:54997]...

Player connection [17484] Host "[IP] 192.168.0.170 [Port] 0 [Flags] 2 [Guid] 3991827739 [EditorId] 3991827739 [Version] 1048832 [Id] WindowsEditor(7,Toms-PC) [Debug] 1 [PackageName] WindowsEditor [ProjectName] Editor" joined alternative multi-casting on [225.0.0.222:34997]...

Refreshing native plugins compatible for Editor in 33.12 ms, found 11 plugins.
Preloading 1 native plugins for Editor in 0.69 ms.
Initialize engine version: 2022.3.2f1 (d74737c6db50)
[Subsystems] Discovering subsystems at path C:/Program Files/Unity/Hub/Editor/2022.3.2f1/Editor/Data/Resources/UnitySubsystems
[Subsystems] Discovering subsystems at path D:/Downloads/GorillaHomes Project/Assets
GfxDevice: creating device client; threaded=0; jobified=0
Direct3D:
    Version:  Direct3D 11.0 [level 11.1]
    Renderer: NVIDIA GeForce RTX 3060 (ID=0x2504)
    Vendor:   NVIDIA
    VRAM:     12143 MB
    Driver:   30.0.14.7212
Initialize mono
Mono path[0] = 'C:/Program Files/Unity/Hub/Editor/2022.3.2f1/Editor/Data/Managed'
Mono path[1] = 'C:/Program Files/Unity/Hub/Editor/2022.3.2f1/Editor/Data/MonoBleedingEdge/lib/mono/unityjit-win32'
Mono config path = 'C:/Program Files/Unity/Hub/Editor/2022.3.2f1/Editor/Data/MonoBleedingEdge/etc'
Using monoOptions --debugger-agent=transport=dt_socket,embedding=1,server=y,suspend=n,address=127.0.0.1:56480
Begin MonoManager ReloadAssembly
Registering precompiled unity dll's ...
Register platform support module: C:/Program Files/Unity/Hub/Editor/2022.3.2f1/Editor/Data/PlaybackEngines/WindowsStandaloneSupport/UnityEditor.WindowsStandalone.Extensions.dll
Registered in 0.018687 seconds.
- Loaded All Assemblies, in  0.624 seconds
Native extension for WindowsStandalone target not found
Mono: successfully reloaded assembly
- Finished resetting the current domain, in  0.327 seconds
Domain Reload Profiling: 944ms
	BeginReloadAssembly (151ms)
		ExecutionOrderSort (0ms)
		DisableScriptedObjects (0ms)
		BackupInstance (0ms)
		ReleaseScriptingObjects (0ms)
		CreateAndSetChildDomain (2ms)
	RebuildCommonClasses (55ms)
	RebuildNativeTypeToScriptingClass (13ms)
	initialDomainReloadingComplete (140ms)
	LoadAllAssembliesAndSetupDomain (257ms)
		LoadAssemblies (145ms)
		RebuildTransferFunctionScriptingTraits (0ms)
		AnalyzeDomain (242ms)
			TypeCache.Refresh (241ms)
				TypeCache.ScanAssembly (226ms)
			ScanForSourceGeneratedMonoScriptInfo (0ms)
			ResolveRequiredComponents (1ms)
	FinalizeReload (328ms)
		ReleaseScriptCaches (0ms)
		RebuildScriptCaches (0ms)
		SetupLoadedEditorAssemblies (252ms)
			LogAssemblyErrors (0ms)
			InitializePlatformSupportModulesInManaged (15ms)
			SetLoadedEditorAssemblies (9ms)
			RefreshPlugins (0ms)
			BeforeProcessingInitializeOnLoad (2ms)
			ProcessInitializeOnLoadAttributes (166ms)
			ProcessInitializeOnLoadMethodAttributes (59ms)
			AfterProcessingInitializeOnLoad (0ms)
			EditorAssembliesLoaded (0ms)
		ExecutionOrderSort2 (0ms)
		AwakeInstancesAfterBackupRestoration (0ms)
========================================================================
Worker process is ready to serve import requests
Begin MonoManager ReloadAssembly
- Loaded All Assemblies, in  1.205 seconds
Refreshing native plugins compatible for Editor in 15.45 ms, found 11 plugins.
Native extension for WindowsStandalone target not found
Package Manager log level set to [2]
[Package Manager] Server::EnsureServerProcessIsRunning -- launch failed, reason: Unity was launched with the -noUpm command-line argument
[Package Manager] UpmClient::Send -- Unable to send message (not connected to UPM process).
[Package Manager] Cannot connect to Unity Package Manager local server
System.Reflection.TargetInvocationException: Exception has been thrown by the target of an invocation. ---> System.NullReferenceException: Object reference not set to an instance of an object
  at Unity.XR.Oculus.OculusLoader.AssetPathToAbsolutePath (System.String assetPath) [0x0003d] in .\Library\PackageCache\com.unity.xr.oculus@4.0.0\Runtime\OculusLoader.cs:282 
  at Unity.XR.Oculus.OculusLoader.EditorLoadOVRPlugin () [0x0007b] in .\Library\PackageCache\com.unity.xr.oculus@4.0.0\Runtime\OculusLoader.cs:267 
  at (wrapper managed-to-native) System.Reflection.RuntimeMethodInfo.InternalInvoke(System.Reflection.RuntimeMethodInfo,object,object[],System.Exception&)
  at System.Reflection.RuntimeMethodInfo.Invoke (System.Object obj, System.Reflection.BindingFlags invokeAttr, System.Reflection.Binder binder, System.Object[] parameters, System.Globalization.CultureInfo culture) [0x0006a] in <605bf8b31fcb444b85176da963870aa7>:0 
   --- End of inner exception stack trace ---
  at System.Reflection.RuntimeMethodInfo.Invoke (System.Object obj, System.Reflection.BindingFlags invokeAttr, System.Reflection.Binder binder, System.Object[] parameters, System.Globalization.CultureInfo culture) [0x00083] in <605bf8b31fcb444b85176da963870aa7>:0 
  at System.Reflection.MethodBase.Invoke (System.Object obj, System.Object[] parameters) [0x00000] in <605bf8b31fcb444b85176da963870aa7>:0 
  at UnityEditor.EditorAssemblies.ProcessInitializeOnLoadMethodAttributes () [0x000a5] in <ac87b54e58ee4be198261fd5c8030d52>:0 
UnityEngine.StackTraceUtility:ExtractStackTrace ()
UnityEngine.DebugLogHandler:LogFormat (UnityEngine.LogType,UnityEngine.Object,string,object[])
UnityEngine.Logger:Log (UnityEngine.LogType,object)
UnityEngine.Debug:LogError (object)
UnityEditor.EditorAssemblies:ProcessInitializeOnLoadMethodAttributes ()

Mono: successfully reloaded assembly
[Package Manager] Server::EnsureServerProcessIsRunning -- launch failed, reason: Unity was launched with the -noUpm command-line argument
[Package Manager] UpmClient::Send -- Unable to send message (not connected to UPM process).
[Package Manager] Cannot connect to Unity Package Manager local server
[Package Manager] Server::EnsureServerProcessIsRunning -- launch failed, reason: Unity was launched with the -noUpm command-line argument
[Package Manager] UpmClient::Send -- Unable to send message (not connected to UPM process).
[Package Manager] Cannot connect to Unity Package Manager local server
- Finished resetting the current domain, in  1.889 seconds
Domain Reload Profiling: 3091ms
	BeginReloadAssembly (226ms)
		ExecutionOrderSort (0ms)
		DisableScriptedObjects (9ms)
		BackupInstance (0ms)
		ReleaseScriptingObjects (0ms)
		CreateAndSetChildDomain (26ms)
	RebuildCommonClasses (72ms)
	RebuildNativeTypeToScriptingClass (18ms)
	initialDomainReloadingComplete (72ms)
	LoadAllAssembliesAndSetupDomain (813ms)
		LoadAssemblies (468ms)
		RebuildTransferFunctionScriptingTraits (0ms)
		AnalyzeDomain (451ms)
			TypeCache.Refresh (411ms)
				TypeCache.ScanAssembly (390ms)
			ScanForSourceGeneratedMonoScriptInfo (27ms)
			ResolveRequiredComponents (13ms)
	FinalizeReload (1889ms)
		ReleaseScriptCaches (0ms)
		RebuildScriptCaches (0ms)
		SetupLoadedEditorAssemblies (1450ms)
			LogAssemblyErrors (0ms)
			InitializePlatformSupportModulesInManaged (33ms)
			SetLoadedEditorAssemblies (14ms)
			RefreshPlugins (0ms)
			BeforeProcessingInitializeOnLoad (241ms)
			ProcessInitializeOnLoadAttributes (1018ms)
			ProcessInitializeOnLoadMethodAttributes (120ms)
			AfterProcessingInitializeOnLoad (23ms)
			EditorAssembliesLoaded (0ms)
		ExecutionOrderSort2 (0ms)
		AwakeInstancesAfterBackupRestoration (11ms)
Launched and connected shader compiler UnityShaderCompiler.exe after 0.06 seconds
Refreshing native plugins compatible for Editor in 16.76 ms, found 11 plugins.
Preloading 1 native plugins for Editor in 0.09 ms.
Unloading 3967 Unused Serialized files (Serialized files now loaded: 0)
Unloading 90 unused Assets / (361.4 KB). Loaded Objects now: 4411.
Memory consumption went from 181.5 MB to 181.1 MB.
Total: 4.431300 ms (FindLiveObjects: 0.543500 ms CreateObjectMapping: 0.115800 ms MarkObjects: 3.474700 ms  DeleteObjects: 0.295300 ms)

AssetImportParameters requested are different than current active one (requested -> active):
  custom:container-demuxer-ogg: 62fdf1f143b41e24485cea50d1cbac27 -> 
  custom:video-decoder-ogg-theora: a1e56fd34408186e4bbccfd4996cb3dc -> 
  custom:framework-win-MediaFoundation: 216162199b28c13a410421893ffa2e32 -> 
  custom:container-demuxer-webm: 4f35f7cbe854078d1ac9338744f61a02 -> 
  custom:container-muxer-webm: aa71ff27fc2769a1b78a27578f13a17b -> 
  custom:video-decoder-webm-vp8: 9c59270c3fd7afecdb556c50c9e8de78 -> 
  custom:AudioImporter_EditorPlatform: d09bf68614088b80899f8185d706f6e7 -> 
  custom:video-encoder-webm-vp8: eb34c28f22e8b96e1ab97ce403110664 -> 
  custom:audio-decoder-ogg-vorbis: bf7c407c2cedff20999df2af8eb42d56 -> 
  custom:audio-encoder-webm-vorbis: bf7c407c2cedff20999df2af8eb42d56 -> 
========================================================================
Received Import Request.
  Time since last request: 13773.002866 seconds.
  path: Assets/UtopiumOutline.asset
  artifactKey: Guid(c32e7ca933d204947bbd52fb2929eb7d) Importer(815301076,1909f56bfc062723c751e8b465ee728b)
Start importing Assets/UtopiumOutline.asset using Guid(c32e7ca933d204947bbd52fb2929eb7d) Importer(815301076,1909f56bfc062723c751e8b465ee728b)  -> (artifact id: '164b0de45eea54df67ea0c1c4dc64755') in 0.034872 seconds
Number of updated asset objects reloaded before import = 0
Number of asset objects unloaded after import = 3
========================================================================
Received Import Request.
  Time since last request: 0.000030 seconds.
  path: Assets/New Universal Render Pipeline Asset_Renderer.asset
  artifactKey: Guid(d65958aa5baf8614382dd983a91664ca) Importer(815301076,1909f56bfc062723c751e8b465ee728b)
Start importing Assets/New Universal Render Pipeline Asset_Renderer.asset using Guid(d65958aa5baf8614382dd983a91664ca) Importer(815301076,1909f56bfc062723c751e8b465ee728b)  -> (artifact id: 'f5e929acbf743d5790dd181c6f79695a') in 0.000978 seconds
Number of updated asset objects reloaded before import = 0
Number of asset objects unloaded after import = 0
========================================================================
Received Import Request.
  Time since last request: 0.000155 seconds.
  path: Assets/UniversalRenderPipelineGlobalSettings.asset
  artifactKey: Guid(5542e5e161b153e40a694c5e64a01fea) Importer(815301076,1909f56bfc062723c751e8b465ee728b)
Start importing Assets/UniversalRenderPipelineGlobalSettings.asset using Guid(5542e5e161b153e40a694c5e64a01fea) Importer(815301076,1909f56bfc062723c751e8b465ee728b)  -> (artifact id: '91df75b597f64b3e08638697bf05ddc5') in 0.001963 seconds
Number of updated asset objects reloaded before import = 0
Number of asset objects unloaded after import = 1
========================================================================
Received Import Request.
  Time since last request: 996.244331 seconds.
  path: Assets/Models/Box001.asset
  artifactKey: Guid(b19444dd11feda540b292bd280a9b022) Importer(815301076,1909f56bfc062723c751e8b465ee728b)
Start importing Assets/Models/Box001.asset using Guid(b19444dd11feda540b292bd280a9b022) Importer(815301076,1909f56bfc062723c751e8b465ee728b)  -> (artifact id: '221a5e8cb5414942d7129e7db81c9f9d') in 0.003204 seconds
Number of updated asset objects reloaded before import = 0
Number of asset objects unloaded after import = 1
========================================================================
Received Import Request.
  Time since last request: 0.000360 seconds.
  path: Assets/Models/Mesh.asset
  artifactKey: Guid(20bd8c41f2e5bf74d832dbc8c66a0cab) Importer(815301076,1909f56bfc062723c751e8b465ee728b)
Start importing Assets/Models/Mesh.asset using Guid(20bd8c41f2e5bf74d832dbc8c66a0cab) Importer(815301076,1909f56bfc062723c751e8b465ee728b)  -> (artifact id: 'db081e6a34d6ef8f7cc94ee474f89c80') in 0.032377 seconds
Number of updated asset objects reloaded before import = 0
Number of asset objects unloaded after import = 1
========================================================================
Received Import Request.
  Time since last request: 3.727715 seconds.
  path: Assets/Models/TreeRoom1.fbm/Bark.png
  artifactKey: Guid(6e17c976c644a6745ae39ae9a23ead0d) Importer(815301076,1909f56bfc062723c751e8b465ee728b)
Start importing Assets/Models/TreeRoom1.fbm/Bark.png using Guid(6e17c976c644a6745ae39ae9a23ead0d) Importer(815301076,1909f56bfc062723c751e8b465ee728b)  -> (artifact id: '1e1cd2c4a631ae3f40b595c60f0f76a8') in 0.005175 seconds
Number of updated asset objects reloaded before import = 0
Number of asset objects unloaded after import = 1
========================================================================
Received Import Request.
  Time since last request: 0.000024 seconds.
  path: Assets/Models/TreeRoom1.fbm/darkerbrownpanel.png
  artifactKey: Guid(1ad7fa305f7aac84b9495054f9878953) Importer(815301076,1909f56bfc062723c751e8b465ee728b)
Start importing Assets/Models/TreeRoom1.fbm/darkerbrownpanel.png using Guid(1ad7fa305f7aac84b9495054f9878953) Importer(815301076,1909f56bfc062723c751e8b465ee728b)  -> (artifact id: 'c158c47d728811bc9f9f05b61e7a074a') in 0.002642 seconds
Number of updated asset objects reloaded before import = 0
Number of asset objects unloaded after import = 1
========================================================================
Received Import Request.
  Time since last request: 0.000026 seconds.
  path: Assets/Models/TreeRoom1.fbm/plastic.png
  artifactKey: Guid(e46fef519361c5a44b85749fd80b0614) Importer(815301076,1909f56bfc062723c751e8b465ee728b)
Start importing Assets/Models/TreeRoom1.fbm/plastic.png using Guid(e46fef519361c5a44b85749fd80b0614) Importer(815301076,1909f56bfc062723c751e8b465ee728b)  -> (artifact id: 'b271d8d491961ba3126c7c8ce8d02435') in 0.001461 seconds
Number of updated asset objects reloaded before import = 0
Number of asset objects unloaded after import = 1
========================================================================
Received Import Request.
  Time since last request: 0.000026 seconds.
  path: Assets/Models/TreeRoom1.fbm/forestatlas.png
  artifactKey: Guid(8411618837b5d2b44a56e4dff73bdff9) Importer(815301076,1909f56bfc062723c751e8b465ee728b)
Start importing Assets/Models/TreeRoom1.fbm/forestatlas.png using Guid(8411618837b5d2b44a56e4dff73bdff9) Importer(815301076,1909f56bfc062723c751e8b465ee728b)  -> (artifact id: 'e9654f3513a2457e1005c3e25d2b3a52') in 0.060660 seconds
Number of updated asset objects reloaded before import = 0
Number of asset objects unloaded after import = 1
========================================================================
Received Import Request.
  Time since last request: 0.000026 seconds.
  path: Assets/Models/TreeRoom1.fbm/screen.png
  artifactKey: Guid(95969426de002504e90692489ead6a1e) Importer(815301076,1909f56bfc062723c751e8b465ee728b)
Start importing Assets/Models/TreeRoom1.fbm/screen.png using Guid(95969426de002504e90692489ead6a1e) Importer(815301076,1909f56bfc062723c751e8b465ee728b)  -> (artifact id: 'a7dbf22bfd441c8708dc24d65a328885') in 0.001659 seconds
Number of updated asset objects reloaded before import = 0
Number of asset objects unloaded after import = 1
========================================================================
Received Import Request.
  Time since last request: 14.693074 seconds.
  path: Assets/Models/TreeIGNORE.fbm/canyon1.png
  artifactKey: Guid(53fba32d2de38d14db482ffa82e5ade4) Importer(815301076,1909f56bfc062723c751e8b465ee728b)
Start importing Assets/Models/TreeIGNORE.fbm/canyon1.png using Guid(53fba32d2de38d14db482ffa82e5ade4) Importer(815301076,1909f56bfc062723c751e8b465ee728b)  -> (artifact id: '24ffecdbed3d17225f6f0f70285f1616') in 0.004646 seconds
Number of updated asset objects reloaded before import = 0
Number of asset objects unloaded after import = 1
========================================================================
Received Import Request.
  Time since last request: 0.000024 seconds.
  path: Assets/Models/TreeIGNORE.fbm/darkerbrownpanel.png
  artifactKey: Guid(7603ee438fee30e489feee8a3c0a18e2) Importer(815301076,1909f56bfc062723c751e8b465ee728b)
Start importing Assets/Models/TreeIGNORE.fbm/darkerbrownpanel.png using Guid(7603ee438fee30e489feee8a3c0a18e2) Importer(815301076,1909f56bfc062723c751e8b465ee728b)  -> (artifact id: '529a657512de6501a61910c9cdb26798') in 0.001529 seconds
Number of updated asset objects reloaded before import = 0
Number of asset objects unloaded after import = 1
========================================================================
Received Import Request.
  Time since last request: 0.000011 seconds.
  path: Assets/Models/TreeIGNORE.fbm/forestatlas.png
  artifactKey: Guid(7681f0dc98dc8be47bbdbd61e9bf089e) Importer(815301076,1909f56bfc062723c751e8b465ee728b)
Start importing Assets/Models/TreeIGNORE.fbm/forestatlas.png using Guid(7681f0dc98dc8be47bbdbd61e9bf089e) Importer(815301076,1909f56bfc062723c751e8b465ee728b)  -> (artifact id: 'b4f59c68bc2231efcb40e9827dbeb1e6') in 0.016566 seconds
Number of updated asset objects reloaded before import = 0
Number of asset objects unloaded after import = 1
========================================================================
Received Import Request.
  Time since last request: 1.149212 seconds.
  path: Assets/Models/Materials/canyon1.mat
  artifactKey: Guid(ed3d7fd72e141614c9311288b791d134) Importer(815301076,1909f56bfc062723c751e8b465ee728b)
Start importing Assets/Models/Materials/canyon1.mat using Guid(ed3d7fd72e141614c9311288b791d134) Importer(815301076,1909f56bfc062723c751e8b465ee728b)  -> (artifact id: 'b814875d5f595b4fd3a98fe02414989a') in 0.001157 seconds
Number of updated asset objects reloaded before import = 0
Number of asset objects unloaded after import = 1
========================================================================
Received Import Request.
  Time since last request: 0.000014 seconds.
  path: Assets/Models/Materials/lightfur.mat
  artifactKey: Guid(2e1c3aa6df60f9c4ba24951e6f67a578) Importer(815301076,1909f56bfc062723c751e8b465ee728b)
Start importing Assets/Models/Materials/lightfur.mat using Guid(2e1c3aa6df60f9c4ba24951e6f67a578) Importer(815301076,1909f56bfc062723c751e8b465ee728b)  -> (artifact id: '9f61273bfd5bf7b24101dd4d1a7eb6f0') in 0.001200 seconds
Number of updated asset objects reloaded before import = 0
Number of asset objects unloaded after import = 1
========================================================================
Received Import Request.
  Time since last request: 0.000013 seconds.
  path: Assets/Models/Materials/New Material 1.mat
  artifactKey: Guid(4068685e149fa8f4cb05fa89ec6599da) Importer(815301076,1909f56bfc062723c751e8b465ee728b)
Start importing Assets/Models/Materials/New Material 1.mat using Guid(4068685e149fa8f4cb05fa89ec6599da) Importer(815301076,1909f56bfc062723c751e8b465ee728b)  -> (artifact id: '2995ca0c385357737836d36df06b7ba2') in 0.001467 seconds
Number of updated asset objects reloaded before import = 0
Number of asset objects unloaded after import = 1
========================================================================
Received Import Request.
  Time since last request: 0.000014 seconds.
  path: Assets/Models/Materials/monkeface.png
  artifactKey: Guid(9442d4834b706d641a04ac8468fb0735) Importer(815301076,1909f56bfc062723c751e8b465ee728b)
Start importing Assets/Models/Materials/monkeface.png using Guid(9442d4834b706d641a04ac8468fb0735) Importer(815301076,1909f56bfc062723c751e8b465ee728b)  -> (artifact id: 'ee64d0b8d33c182e20bc1f588c3a4f23') in 0.001148 seconds
Number of updated asset objects reloaded before import = 0
Number of asset objects unloaded after import = 1
========================================================================
Received Import Request.
  Time since last request: 0.000015 seconds.
  path: Assets/Models/Materials/emit.mat
  artifactKey: Guid(17298c99ae9c1ac44b4feec8cce1610e) Importer(815301076,1909f56bfc062723c751e8b465ee728b)
Start importing Assets/Models/Materials/emit.mat using Guid(17298c99ae9c1ac44b4feec8cce1610e) Importer(815301076,1909f56bfc062723c751e8b465ee728b)  -> (artifact id: '5b45b45050e4d0a4b05e51c7e7d02242') in 0.001203 seconds
Number of updated asset objects reloaded before import = 0
Number of asset objects unloaded after import = 1
========================================================================
Received Import Request.
  Time since last request: 0.000015 seconds.
  path: Assets/Models/Materials/loglowres.mat
  artifactKey: Guid(af61c64b847887046979dbce7752b17c) Importer(815301076,1909f56bfc062723c751e8b465ee728b)
Start importing Assets/Models/Materials/loglowres.mat using Guid(af61c64b847887046979dbce7752b17c) Importer(815301076,1909f56bfc062723c751e8b465ee728b)  -> (artifact id: '562736a8695c3723f5bf7658fa5dc1d3') in 0.001190 seconds
Number of updated asset objects reloaded before import = 0
Number of asset objects unloaded after import = 1
========================================================================
Received Import Request.
  Time since last request: 0.000016 seconds.
  path: Assets/Models/Materials/forestatlas.mat
  artifactKey: Guid(29555ce2cefbf6f49a5532f7fc8b6190) Importer(815301076,1909f56bfc062723c751e8b465ee728b)
Start importing Assets/Models/Materials/forestatlas.mat using Guid(29555ce2cefbf6f49a5532f7fc8b6190) Importer(815301076,1909f56bfc062723c751e8b465ee728b)  -> (artifact id: '34e96419affbe67a6e228006e722c1cd') in 0.000776 seconds
Number of updated asset objects reloaded before import = 0
Number of asset objects unloaded after import = 1
========================================================================
Received Import Request.
  Time since last request: 21.590612 seconds.
  path: Assets/Fonts/Utopium-Regular SDF.asset
  artifactKey: Guid(bdd93d06d2c618b43bd7770cc545b5cb) Importer(815301076,1909f56bfc062723c751e8b465ee728b)
Start importing Assets/Fonts/Utopium-Regular SDF.asset using Guid(bdd93d06d2c618b43bd7770cc545b5cb) Importer(815301076,1909f56bfc062723c751e8b465ee728b)  -> (artifact id: 'f3c85027c05f3e3ef280175f506cfd9b') in 0.005236 seconds
Number of updated asset objects reloaded before import = 0
Number of asset objects unloaded after import = 3
========================================================================
Received Import Request.
  Time since last request: 1.957297 seconds.
  path: Assets/Map/Old Tree.prefab
  artifactKey: Guid(f3243d6b16dbc634fa94decf7790c095) Importer(815301076,1909f56bfc062723c751e8b465ee728b)
Start importing Assets/Map/Old Tree.prefab using Guid(f3243d6b16dbc634fa94decf7790c095) Importer(815301076,1909f56bfc062723c751e8b465ee728b)  -> (artifact id: '509c5a25a165ba48a11de183c99d9a9a') in 0.044267 seconds
Number of updated asset objects reloaded before import = 0
Number of asset objects unloaded after import = 149
========================================================================
Received Import Request.
  Time since last request: 1.528644 seconds.
  path: Assets/Map/Materials/cosmeticsroomatlas.mat
  artifactKey: Guid(25e15fab63ca47d43becdce1cdbe6a59) Importer(815301076,1909f56bfc062723c751e8b465ee728b)
Start importing Assets/Map/Materials/cosmeticsroomatlas.mat using Guid(25e15fab63ca47d43becdce1cdbe6a59) Importer(815301076,1909f56bfc062723c751e8b465ee728b)  -> (artifact id: '87c2fc04d14d9fdfa74064861ccc60f1') in 0.001101 seconds
Number of updated asset objects reloaded before import = 0
Number of asset objects unloaded after import = 1
========================================================================
Received Import Request.
  Time since last request: 0.000023 seconds.
  path: Assets/Map/Materials/treeroomatlas.mat
  artifactKey: Guid(fc2cc37296e8c0c49bb154d30d4178a7) Importer(815301076,1909f56bfc062723c751e8b465ee728b)
Start importing Assets/Map/Materials/treeroomatlas.mat using Guid(fc2cc37296e8c0c49bb154d30d4178a7) Importer(815301076,1909f56bfc062723c751e8b465ee728b)  -> (artifact id: '04bce84aff14e5be95949825615636d7') in 0.000813 seconds
Number of updated asset objects reloaded before import = 0
Number of asset objects unloaded after import = 1
========================================================================
Received Import Request.
  Time since last request: 0.000016 seconds.
  path: Assets/Map/Materials/SpriteMat.mat
  artifactKey: Guid(6d71928e694b3514b85b4a18755084a1) Importer(815301076,1909f56bfc062723c751e8b465ee728b)
Start importing Assets/Map/Materials/SpriteMat.mat using Guid(6d71928e694b3514b85b4a18755084a1) Importer(815301076,1909f56bfc062723c751e8b465ee728b)  -> (artifact id: '5e135a841ba2be3e850081d3d295664e') in 0.000995 seconds
Number of updated asset objects reloaded before import = 0
Number of asset objects unloaded after import = 1
========================================================================
Received Import Request.
  Time since last request: 0.000036 seconds.
  path: Assets/Map/Materials/Lamp.mat
  artifactKey: Guid(39b04cee7e3f57b48993be4fd5d92671) Importer(815301076,1909f56bfc062723c751e8b465ee728b)
Start importing Assets/Map/Materials/Lamp.mat using Guid(39b04cee7e3f57b48993be4fd5d92671) Importer(815301076,1909f56bfc062723c751e8b465ee728b)  -> (artifact id: '6ebb113dd6c543aaa39c311b058a0b35') in 0.001028 seconds
Number of updated asset objects reloaded before import = 0
Number of asset objects unloaded after import = 1
========================================================================
Received Import Request.
  Time since last request: 0.000078 seconds.
  path: Assets/Map/Materials/groundjustgrass.mat
  artifactKey: Guid(ce2754757e8d6e243807c73a5d3a7db7) Importer(815301076,1909f56bfc062723c751e8b465ee728b)
Start importing Assets/Map/Materials/groundjustgrass.mat using Guid(ce2754757e8d6e243807c73a5d3a7db7) Importer(815301076,1909f56bfc062723c751e8b465ee728b)  -> (artifact id: '381186eb29e084b9b1f6d04e9e881c52') in 0.001011 seconds
Number of updated asset objects reloaded before import = 0
Number of asset objects unloaded after import = 1
========================================================================
Received Import Request.
  Time since last request: 0.000064 seconds.
  path: Assets/Map/Materials/forestatlas.mat
  artifactKey: Guid(ddb7f3650e256214cbc11b45ec0a3e1c) Importer(815301076,1909f56bfc062723c751e8b465ee728b)
Start importing Assets/Map/Materials/forestatlas.mat using Guid(ddb7f3650e256214cbc11b45ec0a3e1c) Importer(815301076,1909f56bfc062723c751e8b465ee728b)  -> (artifact id: '75e2e9c2e4da317ca7f982aab7bab2ca') in 0.000956 seconds
Number of updated asset objects reloaded before import = 0
Number of asset objects unloaded after import = 1
========================================================================
Received Import Request.
  Time since last request: 0.000032 seconds.
  path: Assets/Map/Materials/Material_013.mat
  artifactKey: Guid(9cb0e8062750b614585a67b54870aeec) Importer(815301076,1909f56bfc062723c751e8b465ee728b)
Start importing Assets/Map/Materials/Material_013.mat using Guid(9cb0e8062750b614585a67b54870aeec) Importer(815301076,1909f56bfc062723c751e8b465ee728b)  -> (artifact id: '39984c27e2f6090bb22885f4a3986f3e') in 0.001078 seconds
Number of updated asset objects reloaded before import = 0
Number of asset objects unloaded after import = 1
========================================================================
Received Import Request.
  Time since last request: 2.891055 seconds.
  path: Assets/Materials/Black 2.mat
  artifactKey: Guid(a21089b1bafbe3a43be38f637e15b998) Importer(815301076,1909f56bfc062723c751e8b465ee728b)
Start importing Assets/Materials/Black 2.mat using Guid(a21089b1bafbe3a43be38f637e15b998) Importer(815301076,1909f56bfc062723c751e8b465ee728b)  -> (artifact id: '976fbd7ccd8831fee9538a8a739420e2') in 0.000984 seconds
Number of updated asset objects reloaded before import = 0
Number of asset objects unloaded after import = 1
========================================================================
Received Import Request.
  Time since last request: 0.000016 seconds.
  path: Assets/Materials/Invis.mat
  artifactKey: Guid(370acd35506d7114db41baf2309368e5) Importer(815301076,1909f56bfc062723c751e8b465ee728b)
Start importing Assets/Materials/Invis.mat using Guid(370acd35506d7114db41baf2309368e5) Importer(815301076,1909f56bfc062723c751e8b465ee728b)  -> (artifact id: '75c21dca04338d7374f98f2bf01b8876') in 0.001290 seconds
Number of updated asset objects reloaded before import = 0
Number of asset objects unloaded after import = 1
========================================================================
Received Import Request.
  Time since last request: 0.000015 seconds.
  path: Assets/Materials/Rizzer.mat
  artifactKey: Guid(1b61badacac2d684bbb7cce15540e2da) Importer(815301076,1909f56bfc062723c751e8b465ee728b)
Start importing Assets/Materials/Rizzer.mat using Guid(1b61badacac2d684bbb7cce15540e2da) Importer(815301076,1909f56bfc062723c751e8b465ee728b)  -> (artifact id: 'f4fb3c5eec83c6f2f474ff8d7b26ea64') in 0.001334 seconds
Number of updated asset objects reloaded before import = 0
Number of asset objects unloaded after import = 1
========================================================================
Received Import Request.
  Time since last request: 0.000042 seconds.
  path: Assets/Materials/Spiderman2 Poster.png
  artifactKey: Guid(8b82c542c9c9b204e988f857b3aafa15) Importer(815301076,1909f56bfc062723c751e8b465ee728b)
Start importing Assets/Materials/Spiderman2 Poster.png using Guid(8b82c542c9c9b204e988f857b3aafa15) Importer(815301076,1909f56bfc062723c751e8b465ee728b)  -> (artifact id: '61d059477bc32949ae9a578f6d789b11') in 0.002831 seconds
Number of updated asset objects reloaded before import = 0
Number of asset objects unloaded after import = 1
========================================================================
Received Import Request.
  Time since last request: 0.000018 seconds.
  path: Assets/Materials/Madvilliany.jpg
  artifactKey: Guid(5da15c7e19049f744bbf74c790a5ac8d) Importer(815301076,1909f56bfc062723c751e8b465ee728b)
Start importing Assets/Materials/Madvilliany.jpg using Guid(5da15c7e19049f744bbf74c790a5ac8d) Importer(815301076,1909f56bfc062723c751e8b465ee728b)  -> (artifact id: '2138e3d0b01617c2f18b0b88b0600b27') in 0.002464 seconds
Number of updated asset objects reloaded before import = 0
Number of asset objects unloaded after import = 1
========================================================================
Received Import Request.
  Time since last request: 0.000012 seconds.
  path: Assets/Materials/Pause.png
  artifactKey: Guid(787d10de8a222814084a56c4bd7acc95) Importer(815301076,1909f56bfc062723c751e8b465ee728b)
Start importing Assets/Materials/Pause.png using Guid(787d10de8a222814084a56c4bd7acc95) Importer(815301076,1909f56bfc062723c751e8b465ee728b)  -> (artifact id: 'c569a9f0d8e9d2831e1c03acb259312e') in 0.001599 seconds
Number of updated asset objects reloaded before import = 0
Number of asset objects unloaded after import = 1
========================================================================
Received Import Request.
  Time since last request: 0.217712 seconds.
  path: Assets/Materials/wryser.png
  artifactKey: Guid(124573fed6bf1c9459de381bed59f46b) Importer(815301076,1909f56bfc062723c751e8b465ee728b)
Start importing Assets/Materials/wryser.png using Guid(124573fed6bf1c9459de381bed59f46b) Importer(815301076,1909f56bfc062723c751e8b465ee728b)  -> (artifact id: '7ffb2fd1f06a631d4c9e4c7bbe18e074') in 0.001308 seconds
Number of updated asset objects reloaded before import = 0
Number of asset objects unloaded after import = 1
========================================================================
Received Import Request.
  Time since last request: 21.172387 seconds.
  path: Assets/Materials/Materials/images.mat
  artifactKey: Guid(f07adbd63c350e24889a8c8dcec2c489) Importer(815301076,1909f56bfc062723c751e8b465ee728b)
Start importing Assets/Materials/Materials/images.mat using Guid(f07adbd63c350e24889a8c8dcec2c489) Importer(815301076,1909f56bfc062723c751e8b465ee728b)  -> (artifact id: 'aa7be53639b23d69036ec19f74e57993') in 0.001017 seconds
Number of updated asset objects reloaded before import = 0
Number of asset objects unloaded after import = 1
========================================================================
Received Import Request.
  Time since last request: 0.000011 seconds.
  path: Assets/Materials/Materials/Madvilliany.mat
  artifactKey: Guid(f63e6ef76d88622418a002ebaf9d7f3d) Importer(815301076,1909f56bfc062723c751e8b465ee728b)
Start importing Assets/Materials/Materials/Madvilliany.mat using Guid(f63e6ef76d88622418a002ebaf9d7f3d) Importer(815301076,1909f56bfc062723c751e8b465ee728b)  -> (artifact id: '97e93ff8df8681f5775c6bd018a06428') in 0.001070 seconds
Number of updated asset objects reloaded before import = 0
Number of asset objects unloaded after import = 1
========================================================================
Received Import Request.
  Time since last request: 0.000010 seconds.
  path: Assets/Materials/Materials/Spiderman2 Poster.mat
  artifactKey: Guid(dee73cb6e536fb64a94e053e5c7fe55f) Importer(815301076,1909f56bfc062723c751e8b465ee728b)
Start importing Assets/Materials/Materials/Spiderman2 Poster.mat using Guid(dee73cb6e536fb64a94e053e5c7fe55f) Importer(815301076,1909f56bfc062723c751e8b465ee728b)  -> (artifact id: '440a23930e73cf2060de3719a5a837d3') in 0.000958 seconds
Number of updated asset objects reloaded before import = 0
Number of asset objects unloaded after import = 1
Editor requested this worker to shutdown with reason: Scaling down because of idle timeout
TcpMessagingSession - receive error: operation aborted. errorcode: 995, details: The I/O operation has been aborted because of either a thread exit or an application request.
AssetImportWorker is now disconnected from the server
Process exiting
Exiting without the bug reporter. Application will terminate with return code 0