Using pre-set license
Built from '2022.3/staging' branch; Version is '2022.3.2f1 (d74737c6db50) revision 14108471'; Using compiler version '192829333'; Build Type 'Release'
OS: 'Windows 10  (10.0.19045) 64bit Professional' Language: 'en' Physical Memory: 32691 MB
BatchMode: 1, IsHumanControllingUs: 0, StartBugReporterOnCrash: 0, Is64bit: 1, IsPro: 1

COMMAND LINE ARGUMENTS:
C:\Program Files\Unity\Hub\Editor\2022.3.2f1\Editor\Unity.exe
-adb2
-batchMode
-noUpm
-name
AssetImportWorker0
-projectPath
D:/Downloads/GorillaHomes Project
-logFile
Logs/AssetImportWorker0.log
-srvPort
59636
Successfully changed project path to: D:/Downloads/GorillaHomes Project
D:/Downloads/GorillaHomes Project
[UnityMemory] Configuration Parameters - Can be set up in boot.config
    "memorysetup-bucket-allocator-granularity=16"
    "memorysetup-bucket-allocator-bucket-count=8"
    "memorysetup-bucket-allocator-block-size=33554432"
    "memorysetup-bucket-allocator-block-count=8"
    "memorysetup-main-allocator-block-size=16777216"
    "memorysetup-thread-allocator-block-size=16777216"
    "memorysetup-gfx-main-allocator-block-size=16777216"
    "memorysetup-gfx-thread-allocator-block-size=16777216"
    "memorysetup-cache-allocator-block-size=4194304"
    "memorysetup-typetree-allocator-block-size=2097152"
    "memorysetup-profiler-bucket-allocator-granularity=16"
    "memorysetup-profiler-bucket-allocator-bucket-count=8"
    "memorysetup-profiler-bucket-allocator-block-size=33554432"
    "memorysetup-profiler-bucket-allocator-block-count=8"
    "memorysetup-profiler-allocator-block-size=16777216"
    "memorysetup-profiler-editor-allocator-block-size=1048576"
    "memorysetup-temp-allocator-size-main=16777216"
    "memorysetup-job-temp-allocator-block-size=2097152"
    "memorysetup-job-temp-allocator-block-size-background=1048576"
    "memorysetup-job-temp-allocator-reduction-small-platforms=262144"
    "memorysetup-allocator-temp-initial-block-size-main=262144"
    "memorysetup-allocator-temp-initial-block-size-worker=262144"
    "memorysetup-temp-allocator-size-background-worker=32768"
    "memorysetup-temp-allocator-size-job-worker=262144"
    "memorysetup-temp-allocator-size-preload-manager=33554432"
    "memorysetup-temp-allocator-size-nav-mesh-worker=65536"
    "memorysetup-temp-allocator-size-audio-worker=65536"
    "memorysetup-temp-allocator-size-cloud-worker=32768"
    "memorysetup-temp-allocator-size-gi-baking-worker=262144"
    "memorysetup-temp-allocator-size-gfx=262144"
Player connection [17444] Host "[IP] 192.168.0.170 [Port] 0 [Flags] 2 [Guid] 1459496973 [EditorId] 1459496973 [Version] 1048832 [Id] WindowsEditor(7,Toms-PC) [Debug] 1 [PackageName] WindowsEditor [ProjectName] Editor" joined multi-casting on [225.0.0.222:54997]...

Player connection [17444] Host "[IP] 192.168.0.170 [Port] 0 [Flags] 2 [Guid] 1459496973 [EditorId] 1459496973 [Version] 1048832 [Id] WindowsEditor(7,Toms-PC) [Debug] 1 [PackageName] WindowsEditor [ProjectName] Editor" joined alternative multi-casting on [225.0.0.222:34997]...

Refreshing native plugins compatible for Editor in 37.20 ms, found 11 plugins.
Preloading 1 native plugins for Editor in 1.22 ms.
Initialize engine version: 2022.3.2f1 (d74737c6db50)
[Subsystems] Discovering subsystems at path C:/Program Files/Unity/Hub/Editor/2022.3.2f1/Editor/Data/Resources/UnitySubsystems
[Subsystems] Discovering subsystems at path D:/Downloads/GorillaHomes Project/Assets
GfxDevice: creating device client; threaded=0; jobified=0
Direct3D:
    Version:  Direct3D 11.0 [level 11.1]
    Renderer: NVIDIA GeForce RTX 3060 (ID=0x2504)
    Vendor:   NVIDIA
    VRAM:     12143 MB
    Driver:   30.0.14.7212
Initialize mono
Mono path[0] = 'C:/Program Files/Unity/Hub/Editor/2022.3.2f1/Editor/Data/Managed'
Mono path[1] = 'C:/Program Files/Unity/Hub/Editor/2022.3.2f1/Editor/Data/MonoBleedingEdge/lib/mono/unityjit-win32'
Mono config path = 'C:/Program Files/Unity/Hub/Editor/2022.3.2f1/Editor/Data/MonoBleedingEdge/etc'
Using monoOptions --debugger-agent=transport=dt_socket,embedding=1,server=y,suspend=n,address=127.0.0.1:56440
Begin MonoManager ReloadAssembly
Registering precompiled unity dll's ...
Register platform support module: C:/Program Files/Unity/Hub/Editor/2022.3.2f1/Editor/Data/PlaybackEngines/WindowsStandaloneSupport/UnityEditor.WindowsStandalone.Extensions.dll
Registered in 0.018547 seconds.
- Loaded All Assemblies, in  0.617 seconds
Native extension for WindowsStandalone target not found
Mono: successfully reloaded assembly
- Finished resetting the current domain, in  0.329 seconds
Domain Reload Profiling: 942ms
	BeginReloadAssembly (141ms)
		ExecutionOrderSort (0ms)
		DisableScriptedObjects (0ms)
		BackupInstance (0ms)
		ReleaseScriptingObjects (0ms)
		CreateAndSetChildDomain (1ms)
	RebuildCommonClasses (54ms)
	RebuildNativeTypeToScriptingClass (14ms)
	initialDomainReloadingComplete (151ms)
	LoadAllAssembliesAndSetupDomain (253ms)
		LoadAssemblies (136ms)
		RebuildTransferFunctionScriptingTraits (0ms)
		AnalyzeDomain (240ms)
			TypeCache.Refresh (239ms)
				TypeCache.ScanAssembly (224ms)
			ScanForSourceGeneratedMonoScriptInfo (0ms)
			ResolveRequiredComponents (0ms)
	FinalizeReload (330ms)
		ReleaseScriptCaches (0ms)
		RebuildScriptCaches (0ms)
		SetupLoadedEditorAssemblies (256ms)
			LogAssemblyErrors (0ms)
			InitializePlatformSupportModulesInManaged (16ms)
			SetLoadedEditorAssemblies (9ms)
			RefreshPlugins (0ms)
			BeforeProcessingInitializeOnLoad (3ms)
			ProcessInitializeOnLoadAttributes (170ms)
			ProcessInitializeOnLoadMethodAttributes (58ms)
			AfterProcessingInitializeOnLoad (0ms)
			EditorAssembliesLoaded (0ms)
		ExecutionOrderSort2 (0ms)
		AwakeInstancesAfterBackupRestoration (0ms)
========================================================================
Worker process is ready to serve import requests
Begin MonoManager ReloadAssembly
- Loaded All Assemblies, in  1.205 seconds
Refreshing native plugins compatible for Editor in 15.70 ms, found 11 plugins.
Native extension for WindowsStandalone target not found
Package Manager log level set to [2]
[Package Manager] Server::EnsureServerProcessIsRunning -- launch failed, reason: Unity was launched with the -noUpm command-line argument
[Package Manager] UpmClient::Send -- Unable to send message (not connected to UPM process).
[Package Manager] Cannot connect to Unity Package Manager local server
System.Reflection.TargetInvocationException: Exception has been thrown by the target of an invocation. ---> System.NullReferenceException: Object reference not set to an instance of an object
  at Unity.XR.Oculus.OculusLoader.AssetPathToAbsolutePath (System.String assetPath) [0x0003d] in .\Library\PackageCache\com.unity.xr.oculus@4.0.0\Runtime\OculusLoader.cs:282 
  at Unity.XR.Oculus.OculusLoader.EditorLoadOVRPlugin () [0x0007b] in .\Library\PackageCache\com.unity.xr.oculus@4.0.0\Runtime\OculusLoader.cs:267 
  at (wrapper managed-to-native) System.Reflection.RuntimeMethodInfo.InternalInvoke(System.Reflection.RuntimeMethodInfo,object,object[],System.Exception&)
  at System.Reflection.RuntimeMethodInfo.Invoke (System.Object obj, System.Reflection.BindingFlags invokeAttr, System.Reflection.Binder binder, System.Object[] parameters, System.Globalization.CultureInfo culture) [0x0006a] in <605bf8b31fcb444b85176da963870aa7>:0 
   --- End of inner exception stack trace ---
  at System.Reflection.RuntimeMethodInfo.Invoke (System.Object obj, System.Reflection.BindingFlags invokeAttr, System.Reflection.Binder binder, System.Object[] parameters, System.Globalization.CultureInfo culture) [0x00083] in <605bf8b31fcb444b85176da963870aa7>:0 
  at System.Reflection.MethodBase.Invoke (System.Object obj, System.Object[] parameters) [0x00000] in <605bf8b31fcb444b85176da963870aa7>:0 
  at UnityEditor.EditorAssemblies.ProcessInitializeOnLoadMethodAttributes () [0x000a5] in <ac87b54e58ee4be198261fd5c8030d52>:0 
UnityEngine.StackTraceUtility:ExtractStackTrace ()
UnityEngine.DebugLogHandler:LogFormat (UnityEngine.LogType,UnityEngine.Object,string,object[])
UnityEngine.Logger:Log (UnityEngine.LogType,object)
UnityEngine.Debug:LogError (object)
UnityEditor.EditorAssemblies:ProcessInitializeOnLoadMethodAttributes ()

Mono: successfully reloaded assembly
[Package Manager] Server::EnsureServerProcessIsRunning -- launch failed, reason: Unity was launched with the -noUpm command-line argument
[Package Manager] UpmClient::Send -- Unable to send message (not connected to UPM process).
[Package Manager] Cannot connect to Unity Package Manager local server
[Package Manager] Server::EnsureServerProcessIsRunning -- launch failed, reason: Unity was launched with the -noUpm command-line argument
[Package Manager] UpmClient::Send -- Unable to send message (not connected to UPM process).
[Package Manager] Cannot connect to Unity Package Manager local server
- Finished resetting the current domain, in  1.934 seconds
Domain Reload Profiling: 3136ms
	BeginReloadAssembly (230ms)
		ExecutionOrderSort (0ms)
		DisableScriptedObjects (7ms)
		BackupInstance (0ms)
		ReleaseScriptingObjects (0ms)
		CreateAndSetChildDomain (28ms)
	RebuildCommonClasses (70ms)
	RebuildNativeTypeToScriptingClass (16ms)
	initialDomainReloadingComplete (70ms)
	LoadAllAssembliesAndSetupDomain (814ms)
		LoadAssemblies (483ms)
		RebuildTransferFunctionScriptingTraits (0ms)
		AnalyzeDomain (457ms)
			TypeCache.Refresh (413ms)
				TypeCache.ScanAssembly (390ms)
			ScanForSourceGeneratedMonoScriptInfo (32ms)
			ResolveRequiredComponents (13ms)
	FinalizeReload (1935ms)
		ReleaseScriptCaches (0ms)
		RebuildScriptCaches (0ms)
		SetupLoadedEditorAssemblies (1413ms)
			LogAssemblyErrors (0ms)
			InitializePlatformSupportModulesInManaged (40ms)
			SetLoadedEditorAssemblies (9ms)
			RefreshPlugins (0ms)
			BeforeProcessingInitializeOnLoad (197ms)
			ProcessInitializeOnLoadAttributes (1015ms)
			ProcessInitializeOnLoadMethodAttributes (129ms)
			AfterProcessingInitializeOnLoad (21ms)
			EditorAssembliesLoaded (0ms)
		ExecutionOrderSort2 (0ms)
		AwakeInstancesAfterBackupRestoration (11ms)
Launched and connected shader compiler UnityShaderCompiler.exe after 0.07 seconds
Refreshing native plugins compatible for Editor in 16.97 ms, found 11 plugins.
Preloading 1 native plugins for Editor in 0.07 ms.
Unloading 3967 Unused Serialized files (Serialized files now loaded: 0)
Unloading 90 unused Assets / (361.4 KB). Loaded Objects now: 4411.
Memory consumption went from 181.4 MB to 181.0 MB.
Total: 8.199900 ms (FindLiveObjects: 1.220700 ms CreateObjectMapping: 0.312200 ms MarkObjects: 6.081200 ms  DeleteObjects: 0.584100 ms)

AssetImportParameters requested are different than current active one (requested -> active):
  custom:container-demuxer-ogg: 62fdf1f143b41e24485cea50d1cbac27 -> 
  custom:video-decoder-ogg-theora: a1e56fd34408186e4bbccfd4996cb3dc -> 
  custom:framework-win-MediaFoundation: 216162199b28c13a410421893ffa2e32 -> 
  custom:container-demuxer-webm: 4f35f7cbe854078d1ac9338744f61a02 -> 
  custom:container-muxer-webm: aa71ff27fc2769a1b78a27578f13a17b -> 
  custom:video-decoder-webm-vp8: 9c59270c3fd7afecdb556c50c9e8de78 -> 
  custom:AudioImporter_EditorPlatform: d09bf68614088b80899f8185d706f6e7 -> 
  custom:video-encoder-webm-vp8: eb34c28f22e8b96e1ab97ce403110664 -> 
  custom:audio-decoder-ogg-vorbis: bf7c407c2cedff20999df2af8eb42d56 -> 
  custom:audio-encoder-webm-vorbis: bf7c407c2cedff20999df2af8eb42d56 -> 
========================================================================
Received Import Request.
  Time since last request: 13773.058045 seconds.
  path: Assets/New Universal Render Pipeline Asset.asset
  artifactKey: Guid(9c174a1658d2c4148870a4859d6eef03) Importer(815301076,1909f56bfc062723c751e8b465ee728b)
Start importing Assets/New Universal Render Pipeline Asset.asset using Guid(9c174a1658d2c4148870a4859d6eef03) Importer(815301076,1909f56bfc062723c751e8b465ee728b)  -> (artifact id: '14b701d77c38004d8d823626993c3d53') in 0.005041 seconds
Number of updated asset objects reloaded before import = 0
Number of asset objects unloaded after import = 0
========================================================================
Received Import Request.
  Time since last request: 928.746778 seconds.
  path: Assets/Scenes
  artifactKey: Guid(3ad552a5847e9834daaa84771d0aba65) Importer(815301076,1909f56bfc062723c751e8b465ee728b)
Start importing Assets/Scenes using Guid(3ad552a5847e9834daaa84771d0aba65) Importer(815301076,1909f56bfc062723c751e8b465ee728b)  -> (artifact id: '3382b141e856b6fe7b1f14ab0391411c') in 0.000498 seconds
Number of updated asset objects reloaded before import = 0
Number of asset objects unloaded after import = 0
========================================================================
Received Import Request.
  Time since last request: 0.652979 seconds.
  path: Assets/Scenes/BaseScene.unity
  artifactKey: Guid(b9dcbd28c3811454dbfa1c61bdf3f937) Importer(815301076,1909f56bfc062723c751e8b465ee728b)
Start importing Assets/Scenes/BaseScene.unity using Guid(b9dcbd28c3811454dbfa1c61bdf3f937) Importer(815301076,1909f56bfc062723c751e8b465ee728b)  -> (artifact id: 'c33e8860874dd5048a9159283f39d5d6') in 0.000437 seconds
Number of updated asset objects reloaded before import = 0
Number of asset objects unloaded after import = 0
========================================================================
Received Import Request.
  Time since last request: 66.666468 seconds.
  path: Assets/Models
  artifactKey: Guid(77adc746cb689614296130b3e00af257) Importer(815301076,1909f56bfc062723c751e8b465ee728b)
Start importing Assets/Models using Guid(77adc746cb689614296130b3e00af257) Importer(815301076,1909f56bfc062723c751e8b465ee728b)  -> (artifact id: 'b20fb482f57e6c85f44ba968d0eccb90') in 0.000486 seconds
Number of updated asset objects reloaded before import = 0
Number of asset objects unloaded after import = 0
========================================================================
Received Import Request.
  Time since last request: 0.149053 seconds.
  path: Assets/Models/albedo.png
  artifactKey: Guid(06ddc5f0da59f6f4a81c76d9cf81356d) Importer(815301076,1909f56bfc062723c751e8b465ee728b)
Start importing Assets/Models/albedo.png using Guid(06ddc5f0da59f6f4a81c76d9cf81356d) Importer(815301076,1909f56bfc062723c751e8b465ee728b)  -> (artifact id: '5b996859ac78d1b5381aea6308dc686a') in 0.003350 seconds
Number of updated asset objects reloaded before import = 0
Number of asset objects unloaded after import = 1
========================================================================
Received Import Request.
  Time since last request: 0.000017 seconds.
  path: Assets/Models/Gorilla.fbx
  artifactKey: Guid(2f2342649bc236141a0a83ec94b4039d) Importer(815301076,1909f56bfc062723c751e8b465ee728b)
Start importing Assets/Models/Gorilla.fbx using Guid(2f2342649bc236141a0a83ec94b4039d) Importer(815301076,1909f56bfc062723c751e8b465ee728b)  -> (artifact id: '8f54bd17d824a99d9b2965d814e165ae') in 0.002892 seconds
Number of updated asset objects reloaded before import = 0
Number of asset objects unloaded after import = 85
========================================================================
Received Import Request.
  Time since last request: 0.170039 seconds.
  path: Assets/Models/TreeIGNORE.fbx
  artifactKey: Guid(ab214b109fa084d47a5c67cf42e19a93) Importer(815301076,1909f56bfc062723c751e8b465ee728b)
Start importing Assets/Models/TreeIGNORE.fbx using Guid(ab214b109fa084d47a5c67cf42e19a93) Importer(815301076,1909f56bfc062723c751e8b465ee728b)  -> (artifact id: '5a587c03dc376ac45bbf5a3e5d8cbfc1') in 0.011154 seconds
Number of updated asset objects reloaded before import = 0
Number of asset objects unloaded after import = 178
========================================================================
Received Import Request.
  Time since last request: 3.499970 seconds.
  path: Assets/Models/TreeRoom1.fbm
  artifactKey: Guid(580d4615f4363f440ad8823ea3f8c37a) Importer(815301076,1909f56bfc062723c751e8b465ee728b)
Start importing Assets/Models/TreeRoom1.fbm using Guid(580d4615f4363f440ad8823ea3f8c37a) Importer(815301076,1909f56bfc062723c751e8b465ee728b)  -> (artifact id: 'ea2dd6c3dde676ecf8f9bf23023a9adf') in 0.000529 seconds
Number of updated asset objects reloaded before import = 0
Number of asset objects unloaded after import = 0
========================================================================
Received Import Request.
  Time since last request: 0.059641 seconds.
  path: Assets/Models/TreeRoom1.fbm/461223174.png
  artifactKey: Guid(24a04cf2919f2ee4b97b6869e710808d) Importer(815301076,1909f56bfc062723c751e8b465ee728b)
Start importing Assets/Models/TreeRoom1.fbm/461223174.png using Guid(24a04cf2919f2ee4b97b6869e710808d) Importer(815301076,1909f56bfc062723c751e8b465ee728b)  -> (artifact id: 'fbae7a25e6c8ed187c4418a1331c485b') in 0.008018 seconds
Number of updated asset objects reloaded before import = 0
Number of asset objects unloaded after import = 1
========================================================================
Received Import Request.
  Time since last request: 0.000017 seconds.
  path: Assets/Models/TreeRoom1.fbm/loglowres.png
  artifactKey: Guid(bdab7692c87497747ab94ebcff585899) Importer(815301076,1909f56bfc062723c751e8b465ee728b)
Start importing Assets/Models/TreeRoom1.fbm/loglowres.png using Guid(bdab7692c87497747ab94ebcff585899) Importer(815301076,1909f56bfc062723c751e8b465ee728b)  -> (artifact id: '9c6660f70fa5ec28b03caa4dd3a5d745') in 0.003540 seconds
Number of updated asset objects reloaded before import = 0
Number of asset objects unloaded after import = 1
========================================================================
Received Import Request.
  Time since last request: 0.000044 seconds.
  path: Assets/Models/TreeRoom1.fbm/canyon1.png
  artifactKey: Guid(092e89ea27f1bb94489e44a6353652d7) Importer(815301076,1909f56bfc062723c751e8b465ee728b)
Start importing Assets/Models/TreeRoom1.fbm/canyon1.png using Guid(092e89ea27f1bb94489e44a6353652d7) Importer(815301076,1909f56bfc062723c751e8b465ee728b)  -> (artifact id: 'e2237ac207cbc02c8d8c674747109cd0') in 0.004214 seconds
Number of updated asset objects reloaded before import = 0
Number of asset objects unloaded after import = 1
========================================================================
Received Import Request.
  Time since last request: 0.000052 seconds.
  path: Assets/Models/TreeRoom1.fbm/cosmeticsroomatlas.png
  artifactKey: Guid(213f0a6f4260cb0469b7db36e256b9e1) Importer(815301076,1909f56bfc062723c751e8b465ee728b)
Start importing Assets/Models/TreeRoom1.fbm/cosmeticsroomatlas.png using Guid(213f0a6f4260cb0469b7db36e256b9e1) Importer(815301076,1909f56bfc062723c751e8b465ee728b)  -> (artifact id: '9ebd89b2333917ff1cd1f280b18e4935') in 0.048191 seconds
Number of updated asset objects reloaded before import = 0
Number of asset objects unloaded after import = 1
========================================================================
Received Import Request.
  Time since last request: 0.000035 seconds.
  path: Assets/Models/TreeRoom1.fbm/treeroomatlas.png
  artifactKey: Guid(d3a298d7e8cff02428ec6bc9d8f1e249) Importer(815301076,1909f56bfc062723c751e8b465ee728b)
Start importing Assets/Models/TreeRoom1.fbm/treeroomatlas.png using Guid(d3a298d7e8cff02428ec6bc9d8f1e249) Importer(815301076,1909f56bfc062723c751e8b465ee728b)  -> (artifact id: '346fc16969782a313ce619a8c8d0b74f') in 0.028023 seconds
Number of updated asset objects reloaded before import = 0
Number of asset objects unloaded after import = 1
========================================================================
Received Import Request.
  Time since last request: 14.669640 seconds.
  path: Assets/Models/TreeIGNORE.fbm/Bark.png
  artifactKey: Guid(2814a7217472f7f42a52c1cc4c3e904e) Importer(815301076,1909f56bfc062723c751e8b465ee728b)
Start importing Assets/Models/TreeIGNORE.fbm/Bark.png using Guid(2814a7217472f7f42a52c1cc4c3e904e) Importer(815301076,1909f56bfc062723c751e8b465ee728b)  -> (artifact id: 'ba4647a88f3f05ce71eb5e0c42fedfee') in 0.002064 seconds
Number of updated asset objects reloaded before import = 0
Number of asset objects unloaded after import = 1
========================================================================
Received Import Request.
  Time since last request: 0.000077 seconds.
  path: Assets/Models/TreeIGNORE.fbm/plastic.png
  artifactKey: Guid(d27e2d351db086944b1d20ee73640627) Importer(815301076,1909f56bfc062723c751e8b465ee728b)
Start importing Assets/Models/TreeIGNORE.fbm/plastic.png using Guid(d27e2d351db086944b1d20ee73640627) Importer(815301076,1909f56bfc062723c751e8b465ee728b)  -> (artifact id: '74883d2d7f2aa7732c299381017a1f26') in 0.001764 seconds
Number of updated asset objects reloaded before import = 0
Number of asset objects unloaded after import = 1
========================================================================
Received Import Request.
  Time since last request: 0.000029 seconds.
  path: Assets/Models/TreeIGNORE.fbm/cosmeticsroomatlas.png
  artifactKey: Guid(174ed89779dd7704fa9fefd72214238f) Importer(815301076,1909f56bfc062723c751e8b465ee728b)
Start importing Assets/Models/TreeIGNORE.fbm/cosmeticsroomatlas.png using Guid(174ed89779dd7704fa9fefd72214238f) Importer(815301076,1909f56bfc062723c751e8b465ee728b)  -> (artifact id: 'f8a20908089fca2d1b1148419e32fd14') in 0.034600 seconds
Number of updated asset objects reloaded before import = 0
Number of asset objects unloaded after import = 1
========================================================================
Received Import Request.
  Time since last request: 1.131925 seconds.
  path: Assets/Models/Materials/Bark.mat
  artifactKey: Guid(b7adc57a49302164f9b4c9412f6d9811) Importer(815301076,1909f56bfc062723c751e8b465ee728b)
Start importing Assets/Models/Materials/Bark.mat using Guid(b7adc57a49302164f9b4c9412f6d9811) Importer(815301076,1909f56bfc062723c751e8b465ee728b)  -> (artifact id: 'c117122a7163a5ae0d341d668674ae06') in 0.001238 seconds
Number of updated asset objects reloaded before import = 0
Number of asset objects unloaded after import = 1
========================================================================
Received Import Request.
  Time since last request: 0.000020 seconds.
  path: Assets/Models/Materials/keys.mat
  artifactKey: Guid(cf423587383317c43ae74b93f6aa4084) Importer(815301076,1909f56bfc062723c751e8b465ee728b)
Start importing Assets/Models/Materials/keys.mat using Guid(cf423587383317c43ae74b93f6aa4084) Importer(815301076,1909f56bfc062723c751e8b465ee728b)  -> (artifact id: 'dcdab46356b7ebbd01148f51896ab811') in 0.001034 seconds
Number of updated asset objects reloaded before import = 0
Number of asset objects unloaded after import = 1
========================================================================
Received Import Request.
  Time since last request: 0.000067 seconds.
  path: Assets/Models/Materials/cosmeticsroomatlas.mat
  artifactKey: Guid(e62f200d6dc3b3c41a9d70eaae78abb2) Importer(815301076,1909f56bfc062723c751e8b465ee728b)
Start importing Assets/Models/Materials/cosmeticsroomatlas.mat using Guid(e62f200d6dc3b3c41a9d70eaae78abb2) Importer(815301076,1909f56bfc062723c751e8b465ee728b)  -> (artifact id: '5a3330d2e58a26b63ac33289d5cfecd3') in 0.000979 seconds
Number of updated asset objects reloaded before import = 0
Number of asset objects unloaded after import = 1
========================================================================
Received Import Request.
  Time since last request: 0.000042 seconds.
  path: Assets/Models/Materials/treeroomatlas.mat
  artifactKey: Guid(55c94b78e1af01b45b0ce14292f4354a) Importer(815301076,1909f56bfc062723c751e8b465ee728b)
Start importing Assets/Models/Materials/treeroomatlas.mat using Guid(55c94b78e1af01b45b0ce14292f4354a) Importer(815301076,1909f56bfc062723c751e8b465ee728b)  -> (artifact id: '429d348c3d6a535df662f45b092260e2') in 0.000830 seconds
Number of updated asset objects reloaded before import = 0
Number of asset objects unloaded after import = 1
========================================================================
Received Import Request.
  Time since last request: 0.000027 seconds.
  path: Assets/Models/Materials/screen.mat
  artifactKey: Guid(be314d7a463afd34a87b3a57051afa5d) Importer(815301076,1909f56bfc062723c751e8b465ee728b)
Start importing Assets/Models/Materials/screen.mat using Guid(be314d7a463afd34a87b3a57051afa5d) Importer(815301076,1909f56bfc062723c751e8b465ee728b)  -> (artifact id: '745ce5ff3cf41183491ff28fe09bdc4f') in 0.001002 seconds
Number of updated asset objects reloaded before import = 0
Number of asset objects unloaded after import = 1
========================================================================
Received Import Request.
  Time since last request: 0.000012 seconds.
  path: Assets/Models/Materials/defaultMat.mat
  artifactKey: Guid(8838e731494107d41af4026e04f13453) Importer(815301076,1909f56bfc062723c751e8b465ee728b)
Start importing Assets/Models/Materials/defaultMat.mat using Guid(8838e731494107d41af4026e04f13453) Importer(815301076,1909f56bfc062723c751e8b465ee728b)  -> (artifact id: 'ea20e28494789d3310704c500703016f') in 0.001000 seconds
Number of updated asset objects reloaded before import = 0
Number of asset objects unloaded after import = 1
========================================================================
Received Import Request.
  Time since last request: 0.000042 seconds.
  path: Assets/Models/Materials/gorillatexture.mat
  artifactKey: Guid(09e3d4eca3a7d0041b2c8256d6179b37) Importer(815301076,1909f56bfc062723c751e8b465ee728b)
Start importing Assets/Models/Materials/gorillatexture.mat using Guid(09e3d4eca3a7d0041b2c8256d6179b37) Importer(815301076,1909f56bfc062723c751e8b465ee728b)  -> (artifact id: '6215a4a48206a6961dbbd313ce2e9750') in 0.000941 seconds
Number of updated asset objects reloaded before import = 0
Number of asset objects unloaded after import = 1
========================================================================
Received Import Request.
  Time since last request: 21.592012 seconds.
  path: Assets/Fonts/Utopium-Regular.otf
  artifactKey: Guid(9dc2990f5bd6ea249ba1fbb6f191a386) Importer(815301076,1909f56bfc062723c751e8b465ee728b)
Start importing Assets/Fonts/Utopium-Regular.otf using Guid(9dc2990f5bd6ea249ba1fbb6f191a386) Importer(815301076,1909f56bfc062723c751e8b465ee728b)  -> (artifact id: '9a3ab982de9f556eae5a8cedcf00d463') in 0.004626 seconds
Number of updated asset objects reloaded before import = 0
Number of asset objects unloaded after import = 3
========================================================================
Received Import Request.
  Time since last request: 1.957559 seconds.
  path: Assets/Map/GorillaTagForest.prefab
  artifactKey: Guid(8b9d3386aaa34ea4baf4ef0432c19383) Importer(815301076,1909f56bfc062723c751e8b465ee728b)
Start importing Assets/Map/GorillaTagForest.prefab using Guid(8b9d3386aaa34ea4baf4ef0432c19383) Importer(815301076,1909f56bfc062723c751e8b465ee728b)  -> (artifact id: 'c5f83ea9084f1af2b3f403f479d65fd1') in 0.018642 seconds
Number of updated asset objects reloaded before import = 0
Number of asset objects unloaded after import = 434
========================================================================
Received Import Request.
  Time since last request: 1.554187 seconds.
  path: Assets/Map/Materials/canyon1.mat
  artifactKey: Guid(c554bbdc5610bb64b825e3c9b031179f) Importer(815301076,1909f56bfc062723c751e8b465ee728b)
Start importing Assets/Map/Materials/canyon1.mat using Guid(c554bbdc5610bb64b825e3c9b031179f) Importer(815301076,1909f56bfc062723c751e8b465ee728b)  -> (artifact id: '7656c9d268d80cb088812336304a8c9d') in 0.001091 seconds
Number of updated asset objects reloaded before import = 0
Number of asset objects unloaded after import = 1
========================================================================
Received Import Request.
  Time since last request: 0.000024 seconds.
  path: Assets/Map/Materials/Rock_Boundary.mat
  artifactKey: Guid(8e305192e0afa7c49b8daf183fbeba04) Importer(815301076,1909f56bfc062723c751e8b465ee728b)
Start importing Assets/Map/Materials/Rock_Boundary.mat using Guid(8e305192e0afa7c49b8daf183fbeba04) Importer(815301076,1909f56bfc062723c751e8b465ee728b)  -> (artifact id: '4a6270d7570137cd40689201b59fc2fd') in 0.001087 seconds
Number of updated asset objects reloaded before import = 0
Number of asset objects unloaded after import = 1
========================================================================
Received Import Request.
  Time since last request: 0.000015 seconds.
  path: Assets/Map/Materials/Material_011.mat
  artifactKey: Guid(a9be404c52640294987da08872635949) Importer(815301076,1909f56bfc062723c751e8b465ee728b)
Start importing Assets/Map/Materials/Material_011.mat using Guid(a9be404c52640294987da08872635949) Importer(815301076,1909f56bfc062723c751e8b465ee728b)  -> (artifact id: '2b7ab366423faac1a077d03875280e8e') in 0.000923 seconds
Number of updated asset objects reloaded before import = 0
Number of asset objects unloaded after import = 1
========================================================================
Received Import Request.
  Time since last request: 0.000010 seconds.
  path: Assets/Map/Materials/Material_016.mat
  artifactKey: Guid(f6f53f243893ffd49b465bd027e12ee8) Importer(815301076,1909f56bfc062723c751e8b465ee728b)
Start importing Assets/Map/Materials/Material_016.mat using Guid(f6f53f243893ffd49b465bd027e12ee8) Importer(815301076,1909f56bfc062723c751e8b465ee728b)  -> (artifact id: '9c8b4b900eba87e1833550da60d63228') in 0.000857 seconds
Number of updated asset objects reloaded before import = 0
Number of asset objects unloaded after import = 1
========================================================================
Received Import Request.
  Time since last request: 0.000077 seconds.
  path: Assets/Map/Materials/treeroomatlas_4.mat
  artifactKey: Guid(0b9a861c8042b1a4b84963ab127b8c9a) Importer(815301076,1909f56bfc062723c751e8b465ee728b)
Start importing Assets/Map/Materials/treeroomatlas_4.mat using Guid(0b9a861c8042b1a4b84963ab127b8c9a) Importer(815301076,1909f56bfc062723c751e8b465ee728b)  -> (artifact id: '86687f289d99d9fa80d74f6635f334f4') in 0.001031 seconds
Number of updated asset objects reloaded before import = 0
Number of asset objects unloaded after import = 1
========================================================================
Received Import Request.
  Time since last request: 0.000049 seconds.
  path: Assets/Map/Materials/treeroomatlas_2.mat
  artifactKey: Guid(597ae96e1916d7b41897c2728a011ed5) Importer(815301076,1909f56bfc062723c751e8b465ee728b)
Start importing Assets/Map/Materials/treeroomatlas_2.mat using Guid(597ae96e1916d7b41897c2728a011ed5) Importer(815301076,1909f56bfc062723c751e8b465ee728b)  -> (artifact id: '24e421ab8327b7bb651738c182dea447') in 0.001069 seconds
Number of updated asset objects reloaded before import = 0
Number of asset objects unloaded after import = 1
========================================================================
Received Import Request.
  Time since last request: 0.000048 seconds.
  path: Assets/Map/Materials/treeroomatlas.png
  artifactKey: Guid(8e630f9b20105344a8ea4124af129f66) Importer(815301076,1909f56bfc062723c751e8b465ee728b)
Start importing Assets/Map/Materials/treeroomatlas.png using Guid(8e630f9b20105344a8ea4124af129f66) Importer(815301076,1909f56bfc062723c751e8b465ee728b)  -> (artifact id: '49cb32635d4c7c84673b6902787c1a14') in 0.013870 seconds
Number of updated asset objects reloaded before import = 0
Number of asset objects unloaded after import = 1
========================================================================
Received Import Request.
  Time since last request: 2.875998 seconds.
  path: Assets/Materials/Black 1.mat
  artifactKey: Guid(fab2e869c74aa134798ed331e9404eaf) Importer(815301076,1909f56bfc062723c751e8b465ee728b)
Start importing Assets/Materials/Black 1.mat using Guid(fab2e869c74aa134798ed331e9404eaf) Importer(815301076,1909f56bfc062723c751e8b465ee728b)  -> (artifact id: '461dfb0ecbc07d7e95ce70aab2071f9d') in 0.000916 seconds
Number of updated asset objects reloaded before import = 0
Number of asset objects unloaded after import = 1
========================================================================
Received Import Request.
  Time since last request: 0.000010 seconds.
  path: Assets/Materials/Deadpool poster.png
  artifactKey: Guid(581ab8a458ebc344e8172be30a72c4b2) Importer(815301076,1909f56bfc062723c751e8b465ee728b)
Start importing Assets/Materials/Deadpool poster.png using Guid(581ab8a458ebc344e8172be30a72c4b2) Importer(815301076,1909f56bfc062723c751e8b465ee728b)  -> (artifact id: '1af53ff3f2f13daf7525444e62420f77') in 0.001811 seconds
Number of updated asset objects reloaded before import = 0
Number of asset objects unloaded after import = 1
========================================================================
Received Import Request.
  Time since last request: 0.000014 seconds.
  path: Assets/Materials/New Material.mat
  artifactKey: Guid(1b0444c3dbe355f469153746f5f2ac64) Importer(815301076,1909f56bfc062723c751e8b465ee728b)
Start importing Assets/Materials/New Material.mat using Guid(1b0444c3dbe355f469153746f5f2ac64) Importer(815301076,1909f56bfc062723c751e8b465ee728b)  -> (artifact id: '60e2dec21a90e3e8ec3229e6eaca928a') in 0.001239 seconds
Number of updated asset objects reloaded before import = 0
Number of asset objects unloaded after import = 1
========================================================================
Received Import Request.
  Time since last request: 0.000014 seconds.
  path: Assets/Materials/Custom Computer.mat
  artifactKey: Guid(f07b18482d38b8749aeb8930a74eb84d) Importer(815301076,1909f56bfc062723c751e8b465ee728b)
Start importing Assets/Materials/Custom Computer.mat using Guid(f07b18482d38b8749aeb8930a74eb84d) Importer(815301076,1909f56bfc062723c751e8b465ee728b)  -> (artifact id: '28e898909e5aeeb2883ca1943f11a7b1') in 0.001470 seconds
Number of updated asset objects reloaded before import = 0
Number of asset objects unloaded after import = 1
========================================================================
Received Import Request.
  Time since last request: 0.000049 seconds.
  path: Assets/Materials/Blue Wool 1.mat
  artifactKey: Guid(86b2b13f1179e2c4ab7d5d9ca5548886) Importer(815301076,1909f56bfc062723c751e8b465ee728b)
Start importing Assets/Materials/Blue Wool 1.mat using Guid(86b2b13f1179e2c4ab7d5d9ca5548886) Importer(815301076,1909f56bfc062723c751e8b465ee728b)  -> (artifact id: 'cd26ccb66d18c4cf2b2f99560af838ce') in 0.001027 seconds
Number of updated asset objects reloaded before import = 0
Number of asset objects unloaded after import = 1
========================================================================
Received Import Request.
  Time since last request: 0.000039 seconds.
  path: Assets/Materials/images.jpg
  artifactKey: Guid(13f117b5a24ecc445875d752db76f005) Importer(815301076,1909f56bfc062723c751e8b465ee728b)
Start importing Assets/Materials/images.jpg using Guid(13f117b5a24ecc445875d752db76f005) Importer(815301076,1909f56bfc062723c751e8b465ee728b)  -> (artifact id: '25ebb3a0ba72243914d3479f0ddb46eb') in 0.001603 seconds
Number of updated asset objects reloaded before import = 0
Number of asset objects unloaded after import = 1
========================================================================
Received Import Request.
  Time since last request: 0.219348 seconds.
  path: Assets/Materials/Wool.mat
  artifactKey: Guid(bc9ec6090af38fb4985fec69dc1ae7a8) Importer(815301076,1909f56bfc062723c751e8b465ee728b)
Start importing Assets/Materials/Wool.mat using Guid(bc9ec6090af38fb4985fec69dc1ae7a8) Importer(815301076,1909f56bfc062723c751e8b465ee728b)  -> (artifact id: 'd070df4c5702a11f1a1b10b37cefe09a') in 0.001112 seconds
Number of updated asset objects reloaded before import = 0
Number of asset objects unloaded after import = 1
========================================================================
Received Import Request.
  Time since last request: 21.173364 seconds.
  path: Assets/Materials/Materials/forestatlas.mat
  artifactKey: Guid(21434ab46f2384545871cc0781fa5171) Importer(815301076,1909f56bfc062723c751e8b465ee728b)
Start importing Assets/Materials/Materials/forestatlas.mat using Guid(21434ab46f2384545871cc0781fa5171) Importer(815301076,1909f56bfc062723c751e8b465ee728b)  -> (artifact id: 'e8213d6272b44c9f950cb028a9e33a79') in 0.000902 seconds
Number of updated asset objects reloaded before import = 0
Number of asset objects unloaded after import = 1
========================================================================
Received Import Request.
  Time since last request: 0.000032 seconds.
  path: Assets/Materials/Materials/wood2.mat
  artifactKey: Guid(f8d1c4b7c29424f4c812dad716057929) Importer(815301076,1909f56bfc062723c751e8b465ee728b)
Start importing Assets/Materials/Materials/wood2.mat using Guid(f8d1c4b7c29424f4c812dad716057929) Importer(815301076,1909f56bfc062723c751e8b465ee728b)  -> (artifact id: '1da5f8a85c1d78a120e3a8d9a98b3a78') in 0.001077 seconds
Number of updated asset objects reloaded before import = 0
Number of asset objects unloaded after import = 1
========================================================================
Received Import Request.
  Time since last request: 0.000071 seconds.
  path: Assets/Materials/Materials/Play.mat
  artifactKey: Guid(98169d05b9e8e0e448084c187c5e00ee) Importer(815301076,1909f56bfc062723c751e8b465ee728b)
Start importing Assets/Materials/Materials/Play.mat using Guid(98169d05b9e8e0e448084c187c5e00ee) Importer(815301076,1909f56bfc062723c751e8b465ee728b)  -> (artifact id: 'a9e20351a40dd5d4804f7b0d31fa2153') in 0.000918 seconds
Number of updated asset objects reloaded before import = 0
Number of asset objects unloaded after import = 1
========================================================================
Received Import Request.
  Time since last request: 32.892319 seconds.
  path: Assets/Materials/Glass.mat
  artifactKey: Guid(01618eba228c3694b88c49f9f66d781e) Importer(815301076,1909f56bfc062723c751e8b465ee728b)
Start importing Assets/Materials/Glass.mat using Guid(01618eba228c3694b88c49f9f66d781e) Importer(815301076,1909f56bfc062723c751e8b465ee728b)  -> (artifact id: '961b81fc39bc30a215a148f0cb40e694') in 0.001342 seconds
Number of updated asset objects reloaded before import = 0
Number of asset objects unloaded after import = 1
========================================================================
Received Import Request.
  Time since last request: 55.600726 seconds.
  path: Assets/Materials/Black 4.mat
  artifactKey: Guid(49f2775d78be4f74e91c1f7fb86402d8) Importer(815301076,1909f56bfc062723c751e8b465ee728b)
Start importing Assets/Materials/Black 4.mat using Guid(49f2775d78be4f74e91c1f7fb86402d8) Importer(815301076,1909f56bfc062723c751e8b465ee728b)  -> (artifact id: 'b4a94b6d4f46d1f0ddaead8a12b77971') in 0.001143 seconds
Number of updated asset objects reloaded before import = 0
Number of asset objects unloaded after import = 1
========================================================================
Received Import Request.
  Time since last request: 0.007616 seconds.
  path: Assets/Materials/Blue Wool 3.mat
  artifactKey: Guid(45fd9fcf6a6defe41aaf5de04d1cf931) Importer(815301076,1909f56bfc062723c751e8b465ee728b)
Start importing Assets/Materials/Blue Wool 3.mat using Guid(45fd9fcf6a6defe41aaf5de04d1cf931) Importer(815301076,1909f56bfc062723c751e8b465ee728b)  -> (artifact id: 'ffcb30fb1d6016b60f8f3c14e2316947') in 0.001119 seconds
Number of updated asset objects reloaded before import = 0
Number of asset objects unloaded after import = 1
========================================================================
Received Import Request.
  Time since last request: 0.023190 seconds.
  path: Assets/Materials/Glass 1.mat
  artifactKey: Guid(3c96d4adfd5db93499bcb8cb08b1bcc3) Importer(815301076,1909f56bfc062723c751e8b465ee728b)
Start importing Assets/Materials/Glass 1.mat using Guid(3c96d4adfd5db93499bcb8cb08b1bcc3) Importer(815301076,1909f56bfc062723c751e8b465ee728b)  -> (artifact id: '8408303a0c62629d5b1ca8442a296e99') in 0.001057 seconds
Number of updated asset objects reloaded before import = 0
Number of asset objects unloaded after import = 1
========================================================================
Received Import Request.
  Time since last request: 0.018564 seconds.
  path: Assets/Materials/Madvilliany 1.jpg
  artifactKey: Guid(1193dd8768f120c41991788d5410d246) Importer(815301076,1909f56bfc062723c751e8b465ee728b)
Start importing Assets/Materials/Madvilliany 1.jpg using Guid(1193dd8768f120c41991788d5410d246) Importer(815301076,1909f56bfc062723c751e8b465ee728b)  -> (artifact id: '42c1e6ce003a2186ff462ec8d477ffe3') in 0.001243 seconds
Number of updated asset objects reloaded before import = 0
Number of asset objects unloaded after import = 1
========================================================================
Received Import Request.
  Time since last request: 0.003322 seconds.
  path: Assets/Materials/Pause 1.png
  artifactKey: Guid(7e3441bcc2579c74b8b07866fb950574) Importer(815301076,1909f56bfc062723c751e8b465ee728b)
Start importing Assets/Materials/Pause 1.png using Guid(7e3441bcc2579c74b8b07866fb950574) Importer(815301076,1909f56bfc062723c751e8b465ee728b)  -> (artifact id: '511ea0e7da11f7e505b883826322cff3') in 0.001533 seconds
Number of updated asset objects reloaded before import = 0
Number of asset objects unloaded after import = 1
========================================================================
Received Import Request.
  Time since last request: 30.470779 seconds.
  path: Assets/Materials/Materials/images.mat
  artifactKey: Guid(f07adbd63c350e24889a8c8dcec2c489) Importer(815301076,1909f56bfc062723c751e8b465ee728b)
Start importing Assets/Materials/Materials/images.mat using Guid(f07adbd63c350e24889a8c8dcec2c489) Importer(815301076,1909f56bfc062723c751e8b465ee728b)  -> (artifact id: 'ee7e3ef7415afdfdb50655ee55e4d070') in 0.001647 seconds
Number of updated asset objects reloaded before import = 0
Number of asset objects unloaded after import = 1
========================================================================
Received Import Request.
  Time since last request: 0.000128 seconds.
  path: Assets/Materials/Materials/Madvilliany.mat
  artifactKey: Guid(f63e6ef76d88622418a002ebaf9d7f3d) Importer(815301076,1909f56bfc062723c751e8b465ee728b)
Start importing Assets/Materials/Materials/Madvilliany.mat using Guid(f63e6ef76d88622418a002ebaf9d7f3d) Importer(815301076,1909f56bfc062723c751e8b465ee728b)  -> (artifact id: '25ba19d940c30f6a651d07f52d329c65') in 0.001085 seconds
Number of updated asset objects reloaded before import = 0
Number of asset objects unloaded after import = 1
========================================================================
Received Import Request.
  Time since last request: 0.000012 seconds.
  path: Assets/Materials/Materials/wood2 2.mat
  artifactKey: Guid(e6888ac21fd92f24e9166b7063027a6e) Importer(815301076,1909f56bfc062723c751e8b465ee728b)
Start importing Assets/Materials/Materials/wood2 2.mat using Guid(e6888ac21fd92f24e9166b7063027a6e) Importer(815301076,1909f56bfc062723c751e8b465ee728b)  -> (artifact id: '8c009bc00c9bb636d4656e159240010c') in 0.001070 seconds
Number of updated asset objects reloaded before import = 0
Number of asset objects unloaded after import = 1
========================================================================
Received Import Request.
  Time since last request: 0.000014 seconds.
  path: Assets/Materials/Materials/Spiderman2 Poster.mat
  artifactKey: Guid(dee73cb6e536fb64a94e053e5c7fe55f) Importer(815301076,1909f56bfc062723c751e8b465ee728b)
Start importing Assets/Materials/Materials/Spiderman2 Poster.mat using Guid(dee73cb6e536fb64a94e053e5c7fe55f) Importer(815301076,1909f56bfc062723c751e8b465ee728b)  -> (artifact id: '5a9a7b746c4b898ad05b9666e7158e2b') in 0.001302 seconds
Number of updated asset objects reloaded before import = 0
Number of asset objects unloaded after import = 1
========================================================================
Received Import Request.
  Time since last request: 53.919802 seconds.
  path: Assets/Music/06 - America's Most Blunted.mp3
  artifactKey: Guid(3eb6a6d81014b9b44904bc513cb03d92) Importer(815301076,1909f56bfc062723c751e8b465ee728b)
Start importing Assets/Music/06 - America's Most Blunted.mp3 using Guid(3eb6a6d81014b9b44904bc513cb03d92) Importer(815301076,1909f56bfc062723c751e8b465ee728b)  -> (artifact id: 'a7d689ee12b152cb152663da255fea44') in 0.001033 seconds
Number of updated asset objects reloaded before import = 0
Number of asset objects unloaded after import = 1
========================================================================
Received Import Request.
  Time since last request: 0.000017 seconds.
  path: Assets/Music/MFDoomPlaylist.mp3
  artifactKey: Guid(dccbe3410d22f8646b2967b40066b9a8) Importer(815301076,1909f56bfc062723c751e8b465ee728b)
Start importing Assets/Music/MFDoomPlaylist.mp3 using Guid(dccbe3410d22f8646b2967b40066b9a8) Importer(815301076,1909f56bfc062723c751e8b465ee728b)  -> (artifact id: '78e8326b19e7a2efe988a6a4a94b0bb6') in 0.000838 seconds
Number of updated asset objects reloaded before import = 0
Number of asset objects unloaded after import = 1
